#
# There is insufficient memory for the Java Runtime Environment to continue.
# Native memory allocation (malloc) failed to allocate 1048576 bytes for AllocateHeap
# Possible reasons:
#   The system is out of physical RAM or swap space
#   The process is running with CompressedOops enabled, and the Java Heap may be blocking the growth of the native heap
# Possible solutions:
#   Reduce memory load on the system
#   Increase physical memory or swap space
#   Check if swap backing store is full
#   Decrease Java heap size (-Xmx/-Xms)
#   Decrease number of Java threads
#   Decrease Java thread stack sizes (-Xss)
#   Set larger code cache with -XX:ReservedCodeCacheSize=
#   JVM is running with Unscaled Compressed Oops mode in which the Java heap is
#     placed in the first 4GB address space. The Java Heap base address is the
#     maximum limit for the native heap growth. Please use -XX:HeapBaseMinAddress
#     to set the Java Heap base and to place the Java Heap above 4GB virtual address.
# This output file may be truncated or incomplete.
#
#  Out of Memory Error (allocation.cpp:44), pid=12976, tid=10804
#
# JRE version:  (17.0.5+1) (build )
# Java VM: OpenJDK 64-Bit Server VM (17.0.5+1-b653.23, mixed mode, sharing, tiered, compressed oops, compressed class ptrs, g1 gc, windows-amd64)
# No core dump will be written. Minidumps are not enabled by default on client versions of Windows
#

---------------  S U M M A R Y ------------

Command Line: git4idea.http.GitAskPassApp Username for 'https://github.com': 

Host: AMD Ryzen 3 4300U with Radeon Graphics         , 4 cores, 7G,  Windows 10 , 64 bit Build 19041 (10.0.19041.2364)
Time: Sun Jan  8 14:46:00 2023 RTZ 2 (s 10 , 64 bit Build 19041 (10.0.19041.2364) elapsed time: 0.016132 seconds (0d 0h 0m 0s)

---------------  T H R E A D  ---------------

Current thread (0x000001ec87b74bf0):  JavaThread "Unknown thread" [_thread_in_vm, id=10804, stack(0x00000061e9100000,0x00000061e9200000)]

Stack: [0x00000061e9100000,0x00000061e9200000]
Native frames: (J=compiled Java code, j=interpreted, Vv=VM code, C=native code)
V  [jvm.dll+0x6830ca]
V  [jvm.dll+0x83f4c4]
V  [jvm.dll+0x840c6e]
V  [jvm.dll+0x8412d3]
V  [jvm.dll+0x2490b5]
V  [jvm.dll+0xa64cf]
V  [jvm.dll+0x2dace4]
V  [jvm.dll+0x810d5c]
V  [jvm.dll+0x36df31]
V  [jvm.dll+0x7f028c]
V  [jvm.dll+0x3f0cbf]
V  [jvm.dll+0x3f2801]
C  [jli.dll+0x526b]
C  [ucrtbase.dll+0x21bb2]
C  [KERNEL32.DLL+0x17614]
C  [ntdll.dll+0x526a1]


---------------  P R O C E S S  ---------------

Threads class SMR info:
_java_thread_list=0x00007ffa84cd8f98, length=0, elements={
}

Java Threads: ( => current thread )

Other Threads:

=>0x000001ec87b74bf0 (exited) JavaThread "Unknown thread" [_thread_in_vm, id=10804, stack(0x00000061e9100000,0x00000061e9200000)]

Threads with active compile tasks:

VM state: not at safepoint (not fully initialized)

VM Mutex/Monitor currently owned by a thread: None

Heap address: 0x0000000000000000, size: 0 MB, Compressed Oops mode: 32-bit

CDS archive(s) mapped at: [0x0000000000000000-0x0000000000000000-0x0000000000000000), size 0, SharedBaseAddress: 0x0000000800000000, ArchiveRelocationMode: 0.
Narrow klass base: 0x0000000000000000, Narrow klass shift: 0, Narrow klass range: 0x0

GC Precious Log:
<Empty>

GC Heap History (0 events):
No events

Dll operation events (1 events):
Event: 0.006 Loaded shared library C:\Program Files\JetBrains\PyCharm Community Edition 2022.3.1\jbr\bin\java.dll

Deoptimization events (0 events):
No events

Classes unloaded (0 events):
No events

Classes redefined (0 events):
No events

Internal exceptions (0 events):
No events

VM Operations (0 events):
No events

Events (0 events):
No events


Dynamic libraries:
0x00007ff6ada10000 - 0x00007ff6ada1a000 	C:\Program Files\JetBrains\PyCharm Community Edition 2022.3.1\jbr\bin\java.exe
0x00007ffad06d0000 - 0x00007ffad08c8000 	C:\WINDOWS\SYSTEM32\ntdll.dll
0x00007ffaa6940000 - 0x00007ffaa6957000 	C:\Program Files\Avast Software\Avast\aswhook.dll
0x00007ffacee50000 - 0x00007ffacef0f000 	C:\WINDOWS\System32\KERNEL32.DLL
0x00007ffacde50000 - 0x00007fface122000 	C:\WINDOWS\System32\KERNELBASE.dll
0x00007fface1b0000 - 0x00007fface2b0000 	C:\WINDOWS\System32\ucrtbase.dll
0x00007ffabb6b0000 - 0x00007ffabb6c7000 	C:\Program Files\JetBrains\PyCharm Community Edition 2022.3.1\jbr\bin\jli.dll
0x00007ffabc3b0000 - 0x00007ffabc3cb000 	C:\Program Files\JetBrains\PyCharm Community Edition 2022.3.1\jbr\bin\VCRUNTIME140.dll
0x00007ffacf680000 - 0x00007ffacf821000 	C:\WINDOWS\System32\USER32.dll
0x00007fface180000 - 0x00007fface1a2000 	C:\WINDOWS\System32\win32u.dll
0x00007ffabd340000 - 0x00007ffabd5da000 	C:\WINDOWS\WinSxS\amd64_microsoft.windows.common-controls_6595b64144ccf1df_6.0.19041.1110_none_60b5254171f9507e\COMCTL32.dll
0x00007ffaced20000 - 0x00007ffaced4b000 	C:\WINDOWS\System32\GDI32.dll
0x00007ffaced50000 - 0x00007ffacedee000 	C:\WINDOWS\System32\msvcrt.dll
0x00007fface560000 - 0x00007fface66f000 	C:\WINDOWS\System32\gdi32full.dll
0x00007fface670000 - 0x00007fface70d000 	C:\WINDOWS\System32\msvcp_win.dll
0x00007ffad0340000 - 0x00007ffad0372000 	C:\WINDOWS\System32\IMM32.DLL
0x00007ffacb3a0000 - 0x00007ffacb3ac000 	C:\Program Files\JetBrains\PyCharm Community Edition 2022.3.1\jbr\bin\vcruntime140_1.dll
0x00007ffaa51d0000 - 0x00007ffaa525d000 	C:\Program Files\JetBrains\PyCharm Community Edition 2022.3.1\jbr\bin\msvcp140.dll
0x00007ffa841a0000 - 0x00007ffa84e0b000 	C:\Program Files\JetBrains\PyCharm Community Edition 2022.3.1\jbr\bin\server\jvm.dll
0x00007ffacf830000 - 0x00007ffacf8de000 	C:\WINDOWS\System32\ADVAPI32.dll
0x00007ffacec80000 - 0x00007ffaced1c000 	C:\WINDOWS\System32\sechost.dll
0x00007ffad04f0000 - 0x00007ffad0615000 	C:\WINDOWS\System32\RPCRT4.dll
0x00007ffac4b80000 - 0x00007ffac4ba7000 	C:\WINDOWS\SYSTEM32\WINMM.dll
0x00007ffabc630000 - 0x00007ffabc639000 	C:\WINDOWS\SYSTEM32\WSOCK32.dll
0x00007ffac4b70000 - 0x00007ffac4b7a000 	C:\WINDOWS\SYSTEM32\VERSION.dll
0x00007ffad0620000 - 0x00007ffad068b000 	C:\WINDOWS\System32\WS2_32.dll
0x00007ffacbc40000 - 0x00007ffacbc52000 	C:\WINDOWS\SYSTEM32\kernel.appcore.dll
0x00007ffabc590000 - 0x00007ffabc59a000 	C:\Program Files\JetBrains\PyCharm Community Edition 2022.3.1\jbr\bin\jimage.dll
0x00007ffac3cc0000 - 0x00007ffac3ea4000 	C:\WINDOWS\SYSTEM32\DBGHELP.DLL
0x00007ffac12d0000 - 0x00007ffac1305000 	C:\WINDOWS\SYSTEM32\dbgcore.DLL
0x00007ffacddc0000 - 0x00007ffacde42000 	C:\WINDOWS\System32\bcryptPrimitives.dll
0x00007ffabb8b0000 - 0x00007ffabb8d5000 	C:\Program Files\JetBrains\PyCharm Community Edition 2022.3.1\jbr\bin\java.dll

dbghelp: loaded successfully - version: 4.0.5 - missing functions: none
symbol engine: initialized successfully - sym options: 0x614 - pdb path: .;C:\Program Files\JetBrains\PyCharm Community Edition 2022.3.1\jbr\bin;C:\WINDOWS\SYSTEM32;C:\Program Files\Avast Software\Avast;C:\WINDOWS\WinSxS\amd64_microsoft.windows.common-controls_6595b64144ccf1df_6.0.19041.1110_none_60b5254171f9507e;C:\Program Files\JetBrains\PyCharm Community Edition 2022.3.1\jbr\bin\server

VM Arguments:
java_command: git4idea.http.GitAskPassApp Username for 'https://github.com': 
java_class_path (initial): C:/Program Files/JetBrains/PyCharm Community Edition 2022.3.1/plugins/vcs-git/lib/git4idea-rt.jar;C:/Program Files/JetBrains/PyCharm Community Edition 2022.3.1/lib/externalProcess-rt.jar;C:/Program Files/JetBrains/PyCharm Community Edition 2022.3.1/lib/app.jar;C:/Program Files/JetBrains/PyCharm Community Edition 2022.3.1/lib/3rd-party-rt.jar
Launcher Type: SUN_STANDARD

[Global flags]
     intx CICompilerCount                          = 3                                         {product} {ergonomic}
     uint ConcGCThreads                            = 1                                         {product} {ergonomic}
     uint G1ConcRefinementThreads                  = 4                                         {product} {ergonomic}
   size_t G1HeapRegionSize                         = 1048576                                   {product} {ergonomic}
    uintx GCDrainStackTargetSize                   = 64                                        {product} {ergonomic}
   size_t InitialHeapSize                          = 123731968                                 {product} {ergonomic}
   size_t MarkStackSize                            = 4194304                                   {product} {ergonomic}
   size_t MaxHeapSize                              = 1977614336                                {product} {ergonomic}
   size_t MinHeapDeltaBytes                        = 1048576                                   {product} {ergonomic}
   size_t MinHeapSize                              = 8388608                                   {product} {ergonomic}
    uintx NonNMethodCodeHeapSize                   = 5832780                                {pd product} {ergonomic}
    uintx NonProfiledCodeHeapSize                  = 122912730                              {pd product} {ergonomic}
    uintx ProfiledCodeHeapSize                     = 122912730                              {pd product} {ergonomic}
    uintx ReservedCodeCacheSize                    = 251658240                              {pd product} {ergonomic}
     bool SegmentedCodeCache                       = true                                      {product} {ergonomic}
   size_t SoftMaxHeapSize                          = 1977614336                             {manageable} {ergonomic}
     bool UseCompressedClassPointers               = true                           {product lp64_product} {ergonomic}
     bool UseCompressedOops                        = true                           {product lp64_product} {ergonomic}
     bool UseG1GC                                  = true                                      {product} {ergonomic}
     bool UseLargePagesIndividualAllocation        = false                                  {pd product} {ergonomic}

Logging:
Log output configuration:
 #0: stdout all=warning uptime,level,tags
 #1: stderr all=off uptime,level,tags

Environment Variables:
PATH=C:/Program Files/Git/mingw64/libexec/git-core;C:/Program Files/Git/mingw64/libexec/git-core;C:\Program Files\Git\mingw64\bin;C:\Program Files\Git\usr\bin;C:\Users\User\bin;C:\Users\User\Desktop\LearnQA\Ex3 Project\venv\Scripts;C:\WINDOWS\system32;C:\WINDOWS;C:\WINDOWS\System32\Wbem;C:\WINDOWS\System32\WindowsPowerShell\v1.0\;C:\WINDOWS\System32\OpenSSH\;C:\Program Files\nodejs\;C:\Program Files\Git\cmd;C:\Users\User\AppData\Local\Programs\Python\Python311\Scripts\;C:\Users\User\AppData\Local\Programs\Python\Python311\;C:\Users\User\AppData\Local\Microsoft\WindowsApps;C:\Users\User\AppData\Roaming\npm;C:\Users\User\AppData\Local\GitHubDesktop\bin
USERNAME=User
DISPLAY=:0.0
LC_ALL=en_US.UTF-8
TERM=xterm-256color
TMPDIR=C:\Users\User\AppData\Local\Temp
OS=Windows_NT
PROCESSOR_IDENTIFIER=AMD64 Family 23 Model 96 Stepping 1, AuthenticAMD
TMP=C:\Users\User\AppData\Local\Temp
TEMP=C:\Users\User\AppData\Local\Temp



---------------  S Y S T E M  ---------------

OS:
 Windows 10 , 64 bit Build 19041 (10.0.19041.2364)
OS uptime: 4 days 22:09 hours
Hyper-V role detected

CPU: total 4 (initial active 4) (4 cores per cpu, 1 threads per core) family 23 model 96 stepping 1 microcode 0x0, cx8, cmov, fxsr, mmx, 3dnowpref, sse, sse2, sse3, ssse3, sse4a, sse4.1, sse4.2, popcnt, lzcnt, tsc, tscinvbit, avx, avx2, aes, clmul, bmi1, bmi2, adx, sha, fma, vzeroupper, clflush, clflushopt, hv

Memory: 4k page, system-wide physical 7543M (2003M free)
TotalPageFile size 8567M (AvailPageFile size 6M)
current process WorkingSet (physical memory assigned to process): 9M, peak: 9M
current process commit charge ("private bytes"): 14M, peak: 15M

vm_info: OpenJDK 64-Bit Server VM (17.0.5+1-b653.23) for windows-amd64 JRE (17.0.5+1-b653.23), built on 2022-12-12 by "builduser" with MS VC++ 16.10 / 16.11 (VS2019)

END.
